2025-06-24 09:12:04 INFO  TC001_AccountRegistrationTest:13 - ***** Starting TC001_AccountRegistrationTest ***** 
2025-06-24 09:12:05 INFO  TC001_AccountRegistrationTest:21 - Clicked on my Account Link
2025-06-24 09:12:06 INFO  TC001_AccountRegistrationTest:23 - Clicked on my Register Link
2025-06-24 09:12:06 INFO  TC001_AccountRegistrationTest:28 - Providing Customer Details
2025-06-24 09:12:08 INFO  TC001_AccountRegistrationTest:43 - Validating Expected Message...
2025-06-24 09:12:08 INFO  TC001_AccountRegistrationTest:63 - ***** Finished TC001_AccountRegistrationTest ***** 
2025-06-24 09:12:12 INFO  TC002_LoginTest:17 - ***** Starting TC002_LoginTest***** 
2025-06-24 09:12:15 INFO  TC002_LoginTest:46 - ***** Finishing TC002_LoginTest***** 
2025-06-24 09:43:06 INFO  TC001_AccountRegistrationTest:13 - ***** Starting TC001_AccountRegistrationTest ***** 
2025-06-24 09:43:06 INFO  TC001_AccountRegistrationTest:21 - Clicked on my Account Link
2025-06-24 09:43:07 INFO  TC001_AccountRegistrationTest:23 - Clicked on my Register Link
2025-06-24 09:43:07 INFO  TC001_AccountRegistrationTest:28 - Providing Customer Details
2025-06-24 09:43:10 INFO  TC001_AccountRegistrationTest:43 - Validating Expected Message...
2025-06-24 09:43:10 INFO  TC001_AccountRegistrationTest:63 - ***** Finished TC001_AccountRegistrationTest ***** 
2025-06-24 09:43:15 INFO  TC002_LoginTest:17 - ***** Starting TC002_LoginTest***** 
2025-06-24 09:43:17 INFO  TC002_LoginTest:46 - ***** Finishing TC002_LoginTest***** 
2025-06-24 09:43:24 INFO  TC003_LoginDDT:25 - ***********Starting TC_003_LoginDDT*******
2025-06-24 09:43:31 INFO  TC003_LoginDDT:79 - ***********Finishing TC_003_LoginDDT*******
2025-06-24 09:43:31 INFO  TC003_LoginDDT:25 - ***********Starting TC_003_LoginDDT*******
2025-06-24 09:43:36 INFO  TC003_LoginDDT:25 - ***********Starting TC_003_LoginDDT*******
2025-06-24 09:43:40 INFO  TC003_LoginDDT:25 - ***********Starting TC_003_LoginDDT*******
2025-06-24 09:43:55 INFO  TC003_LoginDDT:79 - ***********Finishing TC_003_LoginDDT*******
2025-06-24 09:43:55 INFO  TC003_LoginDDT:25 - ***********Starting TC_003_LoginDDT*******
2025-06-24 09:44:03 INFO  TC003_LoginDDT:79 - ***********Finishing TC_003_LoginDDT*******
2025-06-24 09:54:45 INFO  TC001_AccountRegistrationTest:13 - ***** Starting TC001_AccountRegistrationTest ***** 
2025-06-24 09:54:46 INFO  TC001_AccountRegistrationTest:21 - Clicked on my Account Link
2025-06-24 09:54:47 INFO  TC001_AccountRegistrationTest:23 - Clicked on my Register Link
2025-06-24 09:54:47 INFO  TC001_AccountRegistrationTest:28 - Providing Customer Details
2025-06-24 09:54:49 INFO  TC001_AccountRegistrationTest:43 - Validating Expected Message...
2025-06-24 09:54:49 INFO  TC001_AccountRegistrationTest:63 - ***** Finished TC001_AccountRegistrationTest ***** 
2025-06-24 09:54:54 INFO  TC002_LoginTest:17 - ***** Starting TC002_LoginTest***** 
2025-06-24 09:54:56 INFO  TC002_LoginTest:46 - ***** Finishing TC002_LoginTest***** 
2025-06-24 09:55:02 INFO  TC003_LoginDDT:25 - ***********Starting TC_003_LoginDDT*******
2025-06-24 09:55:12 INFO  TC003_LoginDDT:79 - ***********Finishing TC_003_LoginDDT*******
2025-06-24 09:55:12 INFO  TC003_LoginDDT:25 - ***********Starting TC_003_LoginDDT*******
2025-06-24 09:55:16 INFO  TC003_LoginDDT:25 - ***********Starting TC_003_LoginDDT*******
2025-06-24 09:55:18 INFO  TC003_LoginDDT:25 - ***********Starting TC_003_LoginDDT*******
2025-06-24 09:55:35 INFO  TC003_LoginDDT:79 - ***********Finishing TC_003_LoginDDT*******
2025-06-24 09:55:35 INFO  TC003_LoginDDT:25 - ***********Starting TC_003_LoginDDT*******
2025-06-24 09:55:43 INFO  TC003_LoginDDT:79 - ***********Finishing TC_003_LoginDDT*******
2025-06-24 09:57:30 INFO  TC001_AccountRegistrationTest:13 - ***** Starting TC001_AccountRegistrationTest ***** 
2025-06-24 09:57:31 INFO  TC001_AccountRegistrationTest:21 - Clicked on my Account Link
2025-06-24 09:57:31 INFO  TC001_AccountRegistrationTest:23 - Clicked on my Register Link
2025-06-24 09:57:31 INFO  TC001_AccountRegistrationTest:28 - Providing Customer Details
2025-06-24 09:57:34 INFO  TC001_AccountRegistrationTest:43 - Validating Expected Message...
2025-06-24 09:57:34 INFO  TC001_AccountRegistrationTest:63 - ***** Finished TC001_AccountRegistrationTest ***** 
2025-06-24 09:57:38 INFO  TC002_LoginTest:17 - ***** Starting TC002_LoginTest***** 
2025-06-24 09:57:41 INFO  TC002_LoginTest:46 - ***** Finishing TC002_LoginTest***** 
2025-06-24 11:02:52 INFO  TC001_AccountRegistrationTest:13 - ***** Starting TC001_AccountRegistrationTest ***** 
2025-06-24 11:02:52 INFO  TC001_AccountRegistrationTest:21 - Clicked on my Account Link
2025-06-24 11:02:53 INFO  TC001_AccountRegistrationTest:23 - Clicked on my Register Link
2025-06-24 11:02:53 INFO  TC001_AccountRegistrationTest:28 - Providing Customer Details
2025-06-24 11:02:55 INFO  TC001_AccountRegistrationTest:43 - Validating Expected Message...
2025-06-24 11:02:55 INFO  TC001_AccountRegistrationTest:63 - ***** Finished TC001_AccountRegistrationTest ***** 
2025-06-24 11:02:59 INFO  TC002_LoginTest:17 - ***** Starting TC002_LoginTest***** 
2025-06-24 11:03:01 INFO  TC002_LoginTest:46 - ***** Finishing TC002_LoginTest***** 
2025-06-24 12:16:39 INFO  TC001_AccountRegistrationTest:13 - ***** Starting TC001_AccountRegistrationTest ***** 
2025-06-24 12:16:39 INFO  TC001_AccountRegistrationTest:21 - Clicked on my Account Link
2025-06-24 12:16:39 INFO  TC001_AccountRegistrationTest:23 - Clicked on my Register Link
2025-06-24 12:16:40 INFO  TC001_AccountRegistrationTest:28 - Providing Customer Details
2025-06-24 12:16:41 INFO  TC001_AccountRegistrationTest:43 - Validating Expected Message...
2025-06-24 12:16:42 INFO  TC001_AccountRegistrationTest:63 - ***** Finished TC001_AccountRegistrationTest ***** 
2025-06-24 12:16:45 INFO  TC002_LoginTest:17 - ***** Starting TC002_LoginTest***** 
2025-06-24 12:16:48 INFO  TC002_LoginTest:46 - ***** Finishing TC002_LoginTest***** 
2025-06-24 12:18:10 INFO  TC001_AccountRegistrationTest:13 - ***** Starting TC001_AccountRegistrationTest ***** 
2025-06-24 12:18:10 INFO  TC001_AccountRegistrationTest:21 - Clicked on my Account Link
2025-06-24 12:18:11 INFO  TC001_AccountRegistrationTest:23 - Clicked on my Register Link
2025-06-24 12:18:11 INFO  TC001_AccountRegistrationTest:28 - Providing Customer Details
2025-06-24 12:18:13 INFO  TC001_AccountRegistrationTest:43 - Validating Expected Message...
2025-06-24 12:18:13 INFO  TC001_AccountRegistrationTest:63 - ***** Finished TC001_AccountRegistrationTest ***** 
2025-06-24 12:18:17 INFO  TC002_LoginTest:17 - ***** Starting TC002_LoginTest***** 
2025-06-24 12:18:19 INFO  TC002_LoginTest:46 - ***** Finishing TC002_LoginTest***** 
2025-06-24 12:28:23 INFO  TC001_AccountRegistrationTest:13 - ***** Starting TC001_AccountRegistrationTest ***** 
2025-06-24 12:28:23 INFO  TC001_AccountRegistrationTest:21 - Clicked on my Account Link
2025-06-24 12:28:24 INFO  TC001_AccountRegistrationTest:23 - Clicked on my Register Link
2025-06-24 12:28:24 INFO  TC001_AccountRegistrationTest:28 - Providing Customer Details
2025-06-24 12:28:26 INFO  TC001_AccountRegistrationTest:43 - Validating Expected Message...
2025-06-24 12:28:26 INFO  TC001_AccountRegistrationTest:63 - ***** Finished TC001_AccountRegistrationTest ***** 
2025-06-24 12:28:30 INFO  TC002_LoginTest:17 - ***** Starting TC002_LoginTest***** 
2025-06-24 12:28:32 INFO  TC002_LoginTest:46 - ***** Finishing TC002_LoginTest***** 
2025-06-24 12:29:19 INFO  TC001_AccountRegistrationTest:13 - ***** Starting TC001_AccountRegistrationTest ***** 
2025-06-24 12:29:20 INFO  TC001_AccountRegistrationTest:21 - Clicked on my Account Link
2025-06-24 12:29:21 INFO  TC001_AccountRegistrationTest:23 - Clicked on my Register Link
2025-06-24 12:29:21 INFO  TC001_AccountRegistrationTest:28 - Providing Customer Details
2025-06-24 12:29:22 INFO  TC001_AccountRegistrationTest:43 - Validating Expected Message...
2025-06-24 12:29:22 INFO  TC001_AccountRegistrationTest:63 - ***** Finished TC001_AccountRegistrationTest ***** 
2025-06-24 12:29:26 INFO  TC002_LoginTest:17 - ***** Starting TC002_LoginTest***** 
2025-06-24 12:29:29 INFO  TC002_LoginTest:46 - ***** Finishing TC002_LoginTest***** 
2025-06-24 12:30:23 INFO  TC001_AccountRegistrationTest:13 - ***** Starting TC001_AccountRegistrationTest ***** 
2025-06-24 12:30:23 INFO  TC001_AccountRegistrationTest:13 - ***** Starting TC001_AccountRegistrationTest ***** 
2025-06-24 12:30:24 INFO  TC001_AccountRegistrationTest:21 - Clicked on my Account Link
2025-06-24 12:30:24 INFO  TC001_AccountRegistrationTest:21 - Clicked on my Account Link
2025-06-24 12:30:30 INFO  TC001_AccountRegistrationTest:13 - ***** Starting TC001_AccountRegistrationTest ***** 
2025-06-24 12:30:31 INFO  TC001_AccountRegistrationTest:21 - Clicked on my Account Link
2025-06-24 12:30:32 INFO  TC001_AccountRegistrationTest:23 - Clicked on my Register Link
2025-06-24 12:30:32 INFO  TC001_AccountRegistrationTest:28 - Providing Customer Details
2025-06-24 12:30:35 INFO  TC001_AccountRegistrationTest:43 - Validating Expected Message...
2025-06-24 12:30:35 INFO  TC001_AccountRegistrationTest:63 - ***** Finished TC001_AccountRegistrationTest ***** 
2025-06-24 12:31:55 INFO  TC001_AccountRegistrationTest:13 - ***** Starting TC001_AccountRegistrationTest ***** 
2025-06-24 12:31:55 INFO  TC001_AccountRegistrationTest:21 - Clicked on my Account Link
2025-06-24 12:31:56 INFO  TC001_AccountRegistrationTest:23 - Clicked on my Register Link
2025-06-24 12:31:56 INFO  TC001_AccountRegistrationTest:28 - Providing Customer Details
2025-06-24 12:31:58 INFO  TC001_AccountRegistrationTest:43 - Validating Expected Message...
2025-06-24 12:31:58 INFO  TC001_AccountRegistrationTest:63 - ***** Finished TC001_AccountRegistrationTest ***** 
2025-06-24 12:32:01 INFO  TC002_LoginTest:17 - ***** Starting TC002_LoginTest***** 
2025-06-24 12:32:04 INFO  TC002_LoginTest:46 - ***** Finishing TC002_LoginTest***** 
2025-06-24 12:32:09 INFO  TC003_LoginDDT:25 - ***********Starting TC_003_LoginDDT*******
2025-06-24 12:32:17 INFO  TC003_LoginDDT:79 - ***********Finishing TC_003_LoginDDT*******
2025-06-24 12:32:17 INFO  TC003_LoginDDT:25 - ***********Starting TC_003_LoginDDT*******
2025-06-24 12:32:21 INFO  TC003_LoginDDT:25 - ***********Starting TC_003_LoginDDT*******
2025-06-24 12:32:24 INFO  TC003_LoginDDT:25 - ***********Starting TC_003_LoginDDT*******
2025-06-24 12:32:41 INFO  TC003_LoginDDT:79 - ***********Finishing TC_003_LoginDDT*******
2025-06-24 12:32:41 INFO  TC003_LoginDDT:25 - ***********Starting TC_003_LoginDDT*******
2025-06-24 12:32:49 INFO  TC003_LoginDDT:79 - ***********Finishing TC_003_LoginDDT*******
2025-06-24 12:49:00 INFO  TC001_AccountRegistrationTest:13 - ***** Starting TC001_AccountRegistrationTest ***** 
2025-06-24 12:49:00 INFO  TC001_AccountRegistrationTest:21 - Clicked on my Account Link
2025-06-24 12:49:01 INFO  TC001_AccountRegistrationTest:23 - Clicked on my Register Link
2025-06-24 12:49:01 INFO  TC001_AccountRegistrationTest:28 - Providing Customer Details
2025-06-24 12:49:03 INFO  TC001_AccountRegistrationTest:43 - Validating Expected Message...
2025-06-24 12:49:03 INFO  TC001_AccountRegistrationTest:63 - ***** Finished TC001_AccountRegistrationTest ***** 
2025-06-24 12:49:07 INFO  TC002_LoginTest:17 - ***** Starting TC002_LoginTest***** 
2025-06-24 12:49:10 INFO  TC002_LoginTest:46 - ***** Finishing TC002_LoginTest***** 
2025-06-24 12:49:15 INFO  TC003_LoginDDT:25 - ***********Starting TC_003_LoginDDT*******
2025-06-24 12:49:22 INFO  TC003_LoginDDT:79 - ***********Finishing TC_003_LoginDDT*******
2025-06-24 12:49:22 INFO  TC003_LoginDDT:25 - ***********Starting TC_003_LoginDDT*******
2025-06-24 12:49:26 INFO  TC003_LoginDDT:25 - ***********Starting TC_003_LoginDDT*******
2025-06-24 12:49:29 INFO  TC003_LoginDDT:25 - ***********Starting TC_003_LoginDDT*******
2025-06-24 12:49:44 INFO  TC003_LoginDDT:79 - ***********Finishing TC_003_LoginDDT*******
2025-06-24 12:49:44 INFO  TC003_LoginDDT:25 - ***********Starting TC_003_LoginDDT*******
2025-06-24 12:49:53 INFO  TC003_LoginDDT:79 - ***********Finishing TC_003_LoginDDT*******
2025-06-24 13:06:50 INFO  TC001_AccountRegistrationTest:13 - ***** Starting TC001_AccountRegistrationTest ***** 
2025-06-24 13:06:50 INFO  TC001_AccountRegistrationTest:21 - Clicked on my Account Link
2025-06-24 13:06:51 INFO  TC001_AccountRegistrationTest:23 - Clicked on my Register Link
2025-06-24 13:06:51 INFO  TC001_AccountRegistrationTest:28 - Providing Customer Details
2025-06-24 13:06:53 INFO  TC001_AccountRegistrationTest:43 - Validating Expected Message...
2025-06-24 13:06:53 INFO  TC001_AccountRegistrationTest:63 - ***** Finished TC001_AccountRegistrationTest ***** 
2025-06-24 13:06:57 INFO  TC002_LoginTest:17 - ***** Starting TC002_LoginTest***** 
2025-06-24 13:06:59 INFO  TC002_LoginTest:46 - ***** Finishing TC002_LoginTest***** 
2025-06-24 13:07:04 INFO  TC003_LoginDDT:25 - ***********Starting TC_003_LoginDDT*******
2025-06-24 13:07:12 INFO  TC003_LoginDDT:79 - ***********Finishing TC_003_LoginDDT*******
2025-06-24 13:07:12 INFO  TC003_LoginDDT:25 - ***********Starting TC_003_LoginDDT*******
2025-06-24 13:07:15 INFO  TC003_LoginDDT:25 - ***********Starting TC_003_LoginDDT*******
2025-06-24 13:07:20 INFO  TC003_LoginDDT:25 - ***********Starting TC_003_LoginDDT*******
2025-06-24 13:07:36 INFO  TC003_LoginDDT:79 - ***********Finishing TC_003_LoginDDT*******
2025-06-24 13:07:36 INFO  TC003_LoginDDT:25 - ***********Starting TC_003_LoginDDT*******
2025-06-24 13:07:44 INFO  TC003_LoginDDT:79 - ***********Finishing TC_003_LoginDDT*******
2025-06-24 13:13:51 INFO  TC001_AccountRegistrationTest:13 - ***** Starting TC001_AccountRegistrationTest ***** 
2025-06-24 13:13:51 INFO  TC001_AccountRegistrationTest:21 - Clicked on my Account Link
2025-06-24 13:13:52 INFO  TC001_AccountRegistrationTest:23 - Clicked on my Register Link
2025-06-24 13:13:52 INFO  TC001_AccountRegistrationTest:28 - Providing Customer Details
2025-06-24 13:13:54 INFO  TC001_AccountRegistrationTest:43 - Validating Expected Message...
2025-06-24 13:13:54 INFO  TC001_AccountRegistrationTest:63 - ***** Finished TC001_AccountRegistrationTest ***** 
2025-06-24 13:13:58 INFO  TC002_LoginTest:17 - ***** Starting TC002_LoginTest***** 
2025-06-24 13:14:00 INFO  TC002_LoginTest:46 - ***** Finishing TC002_LoginTest***** 
2025-06-24 13:14:05 INFO  TC003_LoginDDT:25 - ***********Starting TC_003_LoginDDT*******
2025-06-24 13:14:12 INFO  TC003_LoginDDT:79 - ***********Finishing TC_003_LoginDDT*******
2025-06-24 13:14:12 INFO  TC003_LoginDDT:25 - ***********Starting TC_003_LoginDDT*******
2025-06-24 13:14:23 INFO  TC003_LoginDDT:25 - ***********Starting TC_003_LoginDDT*******
2025-06-24 13:14:33 INFO  TC003_LoginDDT:25 - ***********Starting TC_003_LoginDDT*******
2025-06-24 13:14:50 INFO  TC003_LoginDDT:79 - ***********Finishing TC_003_LoginDDT*******
2025-06-24 13:14:50 INFO  TC003_LoginDDT:25 - ***********Starting TC_003_LoginDDT*******
2025-06-24 13:14:57 INFO  TC003_LoginDDT:79 - ***********Finishing TC_003_LoginDDT*******
2025-06-24 13:17:29 INFO  TC001_AccountRegistrationTest:13 - ***** Starting TC001_AccountRegistrationTest ***** 
2025-06-24 13:17:30 INFO  TC001_AccountRegistrationTest:21 - Clicked on my Account Link
2025-06-24 13:17:30 INFO  TC001_AccountRegistrationTest:23 - Clicked on my Register Link
2025-06-24 13:17:30 INFO  TC001_AccountRegistrationTest:28 - Providing Customer Details
2025-06-24 13:17:32 INFO  TC001_AccountRegistrationTest:43 - Validating Expected Message...
2025-06-24 13:17:32 INFO  TC001_AccountRegistrationTest:63 - ***** Finished TC001_AccountRegistrationTest ***** 
2025-06-24 13:17:35 INFO  TC002_LoginTest:17 - ***** Starting TC002_LoginTest***** 
2025-06-24 13:17:37 INFO  TC002_LoginTest:46 - ***** Finishing TC002_LoginTest***** 
